<?xml version="1.0" encoding="UTF-8"?>
<!-- Generated by org.testng.reporters.JUnitXMLReporter -->
<testsuite hostname="USER-PC" name="Test1" tests="1" failures="1" timestamp="16 Jun 2017 12:05:39 GMT" time="15.339" errors="0">
  <testcase name="VerifyYahooLoginPage" time="0.064" classname="tests.YahooTest">
    <failure type="java.lang.RuntimeException" message="java.lang.reflect.InvocationTargetException">
      <![CDATA[java.lang.RuntimeException: java.lang.reflect.InvocationTargetException
	at org.openqa.selenium.support.PageFactory.instantiatePage(PageFactory.java:138)
	at org.openqa.selenium.support.PageFactory.initElements(PageFactory.java:64)
	at tests.YahooTest.VerifyYahooLoginPage(YahooTest.java:47)
	at org.openqa.selenium.support.PageFactory.instantiatePage(PageFactory.java:129)
	... 26 more
Caused by: java.lang.NullPointerException
	at com.google.common.base.Preconditions.checkNotNull(Preconditions.java:212)
	at org.openqa.selenium.support.ui.FluentWait.<init>(FluentWait.java:102)
	at org.openqa.selenium.support.ui.WebDriverWait.<init>(WebDriverWait.java:71)
	at org.openqa.selenium.support.ui.WebDriverWait.<init>(WebDriverWait.java:45)
	at pageObjects.YahooLoginPage.<init>(YahooLoginPage.java:17)
	... 31 more
... Removed 29 stack frames]]>
    </failure>
  </testcase> <!-- VerifyYahooLoginPage -->
</testsuite> <!-- Test1 -->
